Start testing: Mar 08 16:05 Беларусь (зима)
----------------------------------------------------------
Test not available without configuration.  (Missing "-C <config>"?)
1/1 Testing: MyTests
1/1 Test: MyTests
Command: "NOT_AVAILABLE"
Directory: C:/Users/РђРЅС‚РѕРЅ/source/repos/OS2_WithTests/build
"MyTests" start time: 
Output:
----------------------------------------------------------
<end of output>
Test time =   0.00 sec
----------------------------------------------------------
Test Passed.
"MyTests" end time: Mar 08 16:05 Беларусь (зима)
"MyTests" time elapsed: 00:00:00
----------------------------------------------------------

End testing: Mar 08 16:05 Беларусь (зима)
